<?xml version="1.0" encoding="UTF-8"?>
<!-- Generated by org.testng.reporters.JUnitReportReporter -->
<testsuite hostname="LAPTOP-7DR77JQF" failures="0" tests="3" name="com.tests.TestCases" time="9.299" errors="0" timestamp="2024-02-22T18:04:08 IST" skipped="0">
  <testcase classname="com.tests.TestCases" name="TestCase2" time="0.035"/>
  <testcase classname="com.tests.TestCases" name="TestCase3" time="0.013"/>
  <testcase classname="com.tests.TestCases" name="TestCase1" time="9.251"/>
</testsuite> <!-- com.tests.TestCases -->
