<?xml version="1.0" encoding="UTF-8"?>
<!-- Generated by org.testng.reporters.JUnitReportReporter -->
<testsuite hostname="LAPTOP-7DR77JQF" failures="0" tests="3" name="com.tests.TestCases" time="49.068" errors="0" timestamp="2024-03-01T17:03:55 IST" skipped="0">
  <testcase classname="com.tests.TestCases" name="TestCase3" time="0.006"/>
  <system-out/>
  <testcase classname="com.tests.TestCases" name="TestCase2" time="0.004"/>
  <system-out/>
  <testcase classname="com.tests.TestCases" name="TestCase1" time="49.058"/>
  <system-out/>
</testsuite> <!-- com.tests.TestCases -->
