<?xml version="1.0" encoding="UTF-8"?>
<!-- Generated by org.testng.reporters.JUnitReportReporter -->
<testsuite hostname="LAPTOP-7DR77JQF" failures="0" tests="3" name="com.tests.TestCases" time="17.630" errors="0" timestamp="2024-03-01T18:36:10 IST" skipped="0">
  <testcase classname="com.tests.TestCases" name="TestCase3" time="0.010"/>
  <system-out/>
  <testcase classname="com.tests.TestCases" name="TestCase2" time="0.001"/>
  <system-out/>
  <testcase classname="com.tests.TestCases" name="TestCase1" time="17.619"/>
  <system-out/>
</testsuite> <!-- com.tests.TestCases -->
